<?xml version="1.0" encoding="UTF-8"?>
<testsuite name="Cucumber" time="25.525" tests="1" skipped="0" failures="0" errors="0">
<testcase classname="To verify the Adactin hotel Webpage" name="To verify the Adactin hotel login page with credential - Example #1.1" time="25.183">
<system-out><![CDATA[
Given User should be navigate to the login page.............................passed
When User should enter the "yasodha123" and "yasoprathap@123"...............passed
And User should enter the "Sydney" and "Hotel Creek" and "Double" and "2-Two" and "20-02-2024" and "27-02-2024" and "2-Two" and "<Children per Room >".passed
And User should select the hotel details....................................passed
And User should enter the booknow hotel information "yasodha" and "sampath" and  "chennai" and  "1234567890123450" and  "VISA" and  "JUNE" and  "2025" and  "123".passed
]]></system-out>
</testcase>
</testsuite>
